<?xml version="1.0" encoding="utf-8"?><testsuites name="pytest tests"><testsuite name="pytest" errors="0" failures="0" skipped="0" tests="11" time="4.559" timestamp="2026-04-05T13:34:30.945021+00:00" hostname="agent-env-685c585f-c302-4d4e-9d63-664b175983e8"><testcase classname="backend.tests.test_password_reset.TestPasswordResetRequest" name="test_reset_request_existing_user_verified_email" time="0.481" /><testcase classname="backend.tests.test_password_reset.TestPasswordResetRequest" name="test_reset_request_unverified_email_returns_500" time="0.253" /><testcase classname="backend.tests.test_password_reset.TestPasswordResetRequest" name="test_reset_request_unknown_email_returns_success" time="0.046" /><testcase classname="backend.tests.test_password_reset.TestPasswordResetRequest" name="test_reset_request_replaces_old_code" time="0.494" /><testcase classname="backend.tests.test_password_reset.TestPasswordResetConfirm" name="test_confirm_invalid_code" time="0.045" /><testcase classname="backend.tests.test_password_reset.TestPasswordResetConfirm" name="test_confirm_expired_code" time="0.048" /><testcase classname="backend.tests.test_password_reset.TestPasswordResetConfirm" name="test_confirm_used_code" time="0.046" /><testcase classname="backend.tests.test_password_reset.TestPasswordResetConfirm" name="test_confirm_short_password" time="0.088" /><testcase classname="backend.tests.test_password_reset.TestPasswordResetConfirm" name="test_confirm_valid_code_resets_password" time="1.078" /><testcase classname="backend.tests.test_password_reset.TestFullPasswordResetFlow" name="test_full_reset_flow_with_db_code" time="1.029" /><testcase classname="backend.tests.test_password_reset.TestFullPasswordResetFlow" name="test_full_reset_flow_verified_email" time="0.795" /></testsuite></testsuites>