<?xml version="1.0" encoding="utf-8"?><testsuites name="pytest tests"><testsuite name="pytest" errors="0" failures="0" skipped="0" tests="20" time="6.628" timestamp="2026-04-05T13:19:06.921982+00:00" hostname="agent-env-685c585f-c302-4d4e-9d63-664b175983e8"><testcase classname="backend.tests.test_admin_users.TestAdminUserList" name="test_list_users_as_admin" time="0.560" /><testcase classname="backend.tests.test_admin_users.TestAdminUserList" name="test_list_users_as_non_admin_forbidden" time="0.466" /><testcase classname="backend.tests.test_admin_users.TestAdminUserCreate" name="test_create_user_as_admin" time="0.604" /><testcase classname="backend.tests.test_admin_users.TestAdminUserCreate" name="test_create_admin_user" time="0.463" /><testcase classname="backend.tests.test_admin_users.TestAdminUserCreate" name="test_create_user_duplicate_email_returns_409" time="0.107" /><testcase classname="backend.tests.test_admin_users.TestAdminUserCreate" name="test_create_user_invalid_rol_returns_400" time="0.103" /><testcase classname="backend.tests.test_admin_users.TestAdminUserCreate" name="test_create_user_as_non_admin_forbidden" time="0.098" /><testcase classname="backend.tests.test_admin_users.TestAdminUserUpdate" name="test_update_user_as_admin" time="0.663" /><testcase classname="backend.tests.test_admin_users.TestAdminUserUpdate" name="test_update_user_email" time="0.550" /><testcase classname="backend.tests.test_admin_users.TestAdminUserUpdate" name="test_update_user_duplicate_email_returns_409" time="0.530" /><testcase classname="backend.tests.test_admin_users.TestAdminUserUpdate" name="test_update_nonexistent_user_returns_404" time="0.101" /><testcase classname="backend.tests.test_admin_users.TestAdminUserUpdate" name="test_update_user_as_non_admin_forbidden" time="0.206" /><testcase classname="backend.tests.test_admin_users.TestAdminUserDelete" name="test_delete_user_as_admin" time="0.566" /><testcase classname="backend.tests.test_admin_users.TestAdminUserDelete" name="test_delete_self_returns_400" time="0.255" /><testcase classname="backend.tests.test_admin_users.TestAdminUserDelete" name="test_delete_nonexistent_user_returns_404" time="0.112" /><testcase classname="backend.tests.test_admin_users.TestAdminUserDelete" name="test_delete_user_as_non_admin_forbidden" time="0.219" /><testcase classname="backend.tests.test_admin_users.TestAuthEndpoints" name="test_login_admin" time="0.328" /><testcase classname="backend.tests.test_admin_users.TestAuthEndpoints" name="test_login_user" time="0.326" /><testcase classname="backend.tests.test_admin_users.TestAuthEndpoints" name="test_get_me_admin" time="0.101" /><testcase classname="backend.tests.test_admin_users.TestAuthEndpoints" name="test_get_me_user" time="0.113" /></testsuite></testsuites>